[11:47:48] [INFO] [main] [com.infotel.microservice1.Microservice1Application:51]: Starting Microservice1Application using Java 17.0.3 with PID 10880 (C:\Dev_RBO\repo\msoutils\ms-project\microservice1\target\classes started by r_boug in C:\Dev_RBO\repo\msoutils\ms-project\microservice1)
[11:47:48] [INFO] [main] [com.infotel.microservice1.Microservice1Application:630]: No active profile set, falling back to 1 default profile: "default"
[11:47:49] [INFO] [main] [org.springframework.boot.web.embedded.tomcat.TomcatWebServer:114]: Tomcat initialized with port(s): 8081 (http)
[11:47:49] [INFO] [main] [org.apache.coyote.http11.Http11NioProtocol:173]: Initializing ProtocolHandler ["http-nio-8081"]
[11:47:49] [INFO] [main] [org.apache.catalina.core.StandardService:173]: Starting service [Tomcat]
[11:47:49] [INFO] [main] [org.apache.catalina.core.StandardEngine:173]: Starting Servlet engine: [Apache Tomcat/10.1.1]
[11:47:49] [INFO] [main] [org.apache.catalina.core.ContainerBase.[Tomcat].[localhost].[/]:173]: Initializing Spring embedded WebApplicationContext
[11:47:49] [INFO] [main] [org.springframework.boot.web.servlet.context.ServletWebServerApplicationContext:291]: Root WebApplicationContext: initialization completed in 1553 ms
[11:47:50] [INFO] [main] [org.springframework.boot.actuate.endpoint.web.EndpointLinksResolver:58]: Exposing 1 endpoint(s) beneath base path '/actuator'
[11:47:50] [INFO] [main] [org.apache.coyote.http11.Http11NioProtocol:173]: Starting ProtocolHandler ["http-nio-8081"]
[11:47:50] [INFO] [main] [org.springframework.boot.web.embedded.tomcat.TomcatWebServer:226]: Tomcat started on port(s): 8081 (http) with context path ''
[11:47:50] [INFO] [main] [com.infotel.microservice1.Microservice1Application:57]: Started Microservice1Application in 2.718 seconds (process running for 3.274)
[11:48:51] [INFO] [http-nio-8081-exec-1] [org.apache.catalina.core.ContainerBase.[Tomcat].[localhost].[/]:173]: Initializing Spring DispatcherServlet 'dispatcherServlet'
[11:48:51] [INFO] [http-nio-8081-exec-1] [org.springframework.web.servlet.DispatcherServlet:525]: Initializing Servlet 'dispatcherServlet'
[11:48:51] [INFO] [http-nio-8081-exec-1] [org.springframework.web.servlet.DispatcherServlet:547]: Completed initialization in 1 ms
[11:49:30] [INFO] [main] [com.infotel.microservice1.Microservice1Application:51]: Starting Microservice1Application using Java 17.0.3 with PID 10392 (C:\Dev_RBO\repo\msoutils\ms-project\microservice1\target\classes started by r_boug in C:\Dev_RBO\repo\msoutils\ms-project\microservice1)
[11:49:30] [INFO] [main] [com.infotel.microservice1.Microservice1Application:630]: No active profile set, falling back to 1 default profile: "default"
[11:49:31] [INFO] [main] [org.springframework.boot.web.embedded.tomcat.TomcatWebServer:114]: Tomcat initialized with port(s): 8081 (http)
[11:49:31] [INFO] [main] [org.apache.coyote.http11.Http11NioProtocol:173]: Initializing ProtocolHandler ["http-nio-8081"]
[11:49:31] [INFO] [main] [org.apache.catalina.core.StandardService:173]: Starting service [Tomcat]
[11:49:31] [INFO] [main] [org.apache.catalina.core.StandardEngine:173]: Starting Servlet engine: [Apache Tomcat/10.1.1]
[11:49:32] [INFO] [main] [org.apache.catalina.core.ContainerBase.[Tomcat].[localhost].[/]:173]: Initializing Spring embedded WebApplicationContext
[11:49:32] [INFO] [main] [org.springframework.boot.web.servlet.context.ServletWebServerApplicationContext:291]: Root WebApplicationContext: initialization completed in 1744 ms
[11:49:33] [INFO] [main] [org.springframework.boot.actuate.endpoint.web.EndpointLinksResolver:58]: Exposing 1 endpoint(s) beneath base path '/actuator'
[11:49:33] [INFO] [main] [org.apache.coyote.http11.Http11NioProtocol:173]: Starting ProtocolHandler ["http-nio-8081"]
[11:49:33] [INFO] [main] [org.springframework.boot.web.embedded.tomcat.TomcatWebServer:226]: Tomcat started on port(s): 8081 (http) with context path ''
[11:49:33] [INFO] [main] [com.infotel.microservice1.Microservice1Application:57]: Started Microservice1Application in 3.441 seconds (process running for 4.189)
[11:49:38] [INFO] [http-nio-8081-exec-1] [org.apache.catalina.core.ContainerBase.[Tomcat].[localhost].[/]:173]: Initializing Spring DispatcherServlet 'dispatcherServlet'
[11:49:38] [INFO] [http-nio-8081-exec-1] [org.springframework.web.servlet.DispatcherServlet:525]: Initializing Servlet 'dispatcherServlet'
[11:49:38] [INFO] [http-nio-8081-exec-1] [org.springframework.web.servlet.DispatcherServlet:547]: Completed initialization in 1 ms
[13:34:32] [INFO] [main] [com.infotel.microservice1.Microservice1Application:51]: Starting Microservice1Application using Java 17.0.3 with PID 19368 (C:\Dev_RBO\repo\msoutils\ms-project\microservice1\target\classes started by r_boug in C:\Dev_RBO\repo\msoutils\ms-project\microservice1)
[13:34:32] [INFO] [main] [com.infotel.microservice1.Microservice1Application:630]: No active profile set, falling back to 1 default profile: "default"
[13:34:34] [INFO] [main] [org.springframework.boot.web.embedded.tomcat.TomcatWebServer:114]: Tomcat initialized with port(s): 8081 (http)
[13:34:34] [INFO] [main] [org.apache.coyote.http11.Http11NioProtocol:173]: Initializing ProtocolHandler ["http-nio-8081"]
[13:34:34] [INFO] [main] [org.apache.catalina.core.StandardService:173]: Starting service [Tomcat]
[13:34:34] [INFO] [main] [org.apache.catalina.core.StandardEngine:173]: Starting Servlet engine: [Apache Tomcat/10.1.1]
[13:34:34] [INFO] [main] [org.apache.catalina.core.ContainerBase.[Tomcat].[localhost].[/]:173]: Initializing Spring embedded WebApplicationContext
[13:34:34] [INFO] [main] [org.springframework.boot.web.servlet.context.ServletWebServerApplicationContext:291]: Root WebApplicationContext: initialization completed in 1728 ms
[13:34:35] [INFO] [main] [org.springframework.boot.actuate.endpoint.web.EndpointLinksResolver:58]: Exposing 1 endpoint(s) beneath base path '/actuator'
[13:34:35] [INFO] [main] [org.apache.coyote.http11.Http11NioProtocol:173]: Starting ProtocolHandler ["http-nio-8081"]
[13:34:35] [INFO] [main] [org.springframework.boot.web.embedded.tomcat.TomcatWebServer:226]: Tomcat started on port(s): 8081 (http) with context path ''
[13:34:35] [INFO] [main] [com.infotel.microservice1.Microservice1Application:57]: Started Microservice1Application in 3.217 seconds (process running for 3.819)
[13:34:35] [INFO] [http-nio-8081-exec-1] [org.apache.catalina.core.ContainerBase.[Tomcat].[localhost].[/]:173]: Initializing Spring DispatcherServlet 'dispatcherServlet'
[13:34:35] [INFO] [http-nio-8081-exec-1] [org.springframework.web.servlet.DispatcherServlet:525]: Initializing Servlet 'dispatcherServlet'
[13:34:35] [INFO] [http-nio-8081-exec-1] [org.springframework.web.servlet.DispatcherServlet:547]: Completed initialization in 2 ms
[14:05:08] [INFO] [main] [com.infotel.microservice1.Microservice1Application:51]: Starting Microservice1Application using Java 17.0.3 with PID 12776 (C:\Dev_RBO\repo\msoutils\ms-project\microservice1\target\classes started by r_boug in C:\Dev_RBO\repo\msoutils\ms-project\microservice1)
[14:05:08] [INFO] [main] [com.infotel.microservice1.Microservice1Application:630]: No active profile set, falling back to 1 default profile: "default"
[14:05:10] [INFO] [main] [org.springframework.boot.web.embedded.tomcat.TomcatWebServer:114]: Tomcat initialized with port(s): 8081 (http)
[14:05:10] [INFO] [main] [org.apache.coyote.http11.Http11NioProtocol:173]: Initializing ProtocolHandler ["http-nio-8081"]
[14:05:10] [INFO] [main] [org.apache.catalina.core.StandardService:173]: Starting service [Tomcat]
[14:05:10] [INFO] [main] [org.apache.catalina.core.StandardEngine:173]: Starting Servlet engine: [Apache Tomcat/10.1.1]
[14:05:10] [INFO] [main] [org.apache.catalina.core.ContainerBase.[Tomcat].[localhost].[/]:173]: Initializing Spring embedded WebApplicationContext
[14:05:10] [INFO] [main] [org.springframework.boot.web.servlet.context.ServletWebServerApplicationContext:291]: Root WebApplicationContext: initialization completed in 1165 ms
[14:05:10] [INFO] [main] [org.springframework.boot.actuate.endpoint.web.EndpointLinksResolver:58]: Exposing 1 endpoint(s) beneath base path '/actuator'
[14:05:10] [INFO] [main] [org.apache.coyote.http11.Http11NioProtocol:173]: Starting ProtocolHandler ["http-nio-8081"]
[14:05:10] [INFO] [main] [org.springframework.boot.web.embedded.tomcat.TomcatWebServer:226]: Tomcat started on port(s): 8081 (http) with context path ''
[14:05:10] [INFO] [main] [com.infotel.microservice1.Microservice1Application:57]: Started Microservice1Application in 2.073 seconds (process running for 2.563)
[14:05:10] [INFO] [http-nio-8081-exec-1] [org.apache.catalina.core.ContainerBase.[Tomcat].[localhost].[/]:173]: Initializing Spring DispatcherServlet 'dispatcherServlet'
[14:05:10] [INFO] [http-nio-8081-exec-1] [org.springframework.web.servlet.DispatcherServlet:525]: Initializing Servlet 'dispatcherServlet'
[14:05:10] [INFO] [http-nio-8081-exec-1] [org.springframework.web.servlet.DispatcherServlet:547]: Completed initialization in 1 ms
