[11:48:15] [INFO] [background-preinit] [org.hibernate.validator.internal.util.Version:21]: HV000001: Hibernate Validator 8.0.0.Final
[11:48:15] [INFO] [main] [com.infotel.microservice2.Microservice2Application:51]: Starting Microservice2Application using Java 17.0.3 with PID 13208 (C:\Dev_RBO\repo\msoutils\ms-project\microservice2\target\classes started by r_boug in C:\Dev_RBO\repo\msoutils\ms-project\microservice2)
[11:48:15] [INFO] [main] [com.infotel.microservice2.Microservice2Application:630]: No active profile set, falling back to 1 default profile: "default"
[11:48:16] [INFO] [main] [org.springframework.cloud.context.scope.GenericScope:282]: BeanFactory id=7d96f66d-7d4e-3a5a-ae87-cf720bd33ceb
[11:48:16] [INFO] [main] [org.springframework.boot.web.embedded.tomcat.TomcatWebServer:114]: Tomcat initialized with port(s): 8082 (http)
[11:48:16] [INFO] [main] [org.apache.coyote.http11.Http11NioProtocol:173]: Initializing ProtocolHandler ["http-nio-8082"]
[11:48:16] [INFO] [main] [org.apache.catalina.core.StandardService:173]: Starting service [Tomcat]
[11:48:16] [INFO] [main] [org.apache.catalina.core.StandardEngine:173]: Starting Servlet engine: [Apache Tomcat/10.1.1]
[11:48:16] [INFO] [main] [org.apache.catalina.core.ContainerBase.[Tomcat].[localhost].[/]:173]: Initializing Spring embedded WebApplicationContext
[11:48:16] [INFO] [main] [org.springframework.boot.web.servlet.context.ServletWebServerApplicationContext:291]: Root WebApplicationContext: initialization completed in 1308 ms
[11:48:18] [WARN] [main] [org.springframework.cloud.loadbalancer.config.LoadBalancerCacheAutoConfiguration$LoadBalancerCaffeineWarnLogger:81]: Spring Cloud LoadBalancer is currently working with the default cache. While this cache implementation is useful for development and tests, it's recommended to use Caffeine cache in production.You can switch to using Caffeine cache, by adding it and org.springframework.cache.caffeine.CaffeineCacheManager to the classpath.
[11:48:18] [INFO] [main] [org.springframework.boot.actuate.endpoint.web.EndpointLinksResolver:58]: Exposing 1 endpoint(s) beneath base path '/actuator'
[11:48:18] [INFO] [main] [org.apache.coyote.http11.Http11NioProtocol:173]: Starting ProtocolHandler ["http-nio-8082"]
[11:48:18] [INFO] [main] [org.springframework.boot.web.embedded.tomcat.TomcatWebServer:226]: Tomcat started on port(s): 8082 (http) with context path ''
[11:48:18] [INFO] [main] [org.springframework.cloud.consul.serviceregistry.ConsulServiceRegistry:65]: Registering service with consul: NewService{id='microservice2', name='microservice2', tags=[], address='PN-N-0288.sesame.infotel.com', meta={secure=false}, port=8082, enableTagOverride=null, check=Check{script='null', dockerContainerID='null', shell='null', interval='10s', ttl='null', http='http://PN-N-0288.sesame.infotel.com:8082/actuator/health', method='null', header={}, tcp='null', timeout='null', deregisterCriticalServiceAfter='null', tlsSkipVerify=null, status='null', grpc='null', grpcUseTLS=null}, checks=null}
[11:48:18] [ERROR] [catalogWatchTaskScheduler-1] [org.springframework.cloud.consul.discovery.ConsulDiscoveryClient:142]: Error watching Consul CatalogServices
com.ecwid.consul.transport.TransportException: org.apache.http.conn.HttpHostConnectException: Connect to localhost:8500 [localhost/127.0.0.1, localhost/0:0:0:0:0:0:0:1] failed: Connection refused: no further information
	at com.ecwid.consul.transport.AbstractHttpTransport.executeRequest(AbstractHttpTransport.java:83)
	at com.ecwid.consul.transport.AbstractHttpTransport.makeGetRequest(AbstractHttpTransport.java:36)
	at com.ecwid.consul.v1.ConsulRawClient.makeGetRequest(ConsulRawClient.java:139)
	at com.ecwid.consul.v1.catalog.CatalogConsulClient.getCatalogServices(CatalogConsulClient.java:143)
	at com.ecwid.consul.v1.ConsulClient.getCatalogServices(ConsulClient.java:400)
	at org.springframework.cloud.consul.discovery.ConsulCatalogWatch.catalogServicesWatch(ConsulCatalogWatch.java:130)
	at org.springframework.scheduling.support.DelegatingErrorHandlingRunnable.run(DelegatingErrorHandlingRunnable.java:54)
	at java.base/java.util.concurrent.Executors$RunnableAdapter.call(Executors.java:539)
	at java.base/java.util.concurrent.FutureTask.runAndReset(FutureTask.java:305)
	at java.base/java.util.concurrent.ScheduledThreadPoolExecutor$ScheduledFutureTask.run(ScheduledThreadPoolExecutor.java:305)
	at java.base/java.util.concurrent.ThreadPoolExecutor.runWorker(ThreadPoolExecutor.java:1136)
	at java.base/java.util.concurrent.ThreadPoolExecutor$Worker.run(ThreadPoolExecutor.java:635)
	at java.base/java.lang.Thread.run(Thread.java:833)
Caused by: org.apache.http.conn.HttpHostConnectException: Connect to localhost:8500 [localhost/127.0.0.1, localhost/0:0:0:0:0:0:0:1] failed: Connection refused: no further information
	at org.apache.http.impl.conn.DefaultHttpClientConnectionOperator.connect(DefaultHttpClientConnectionOperator.java:156)
	at org.apache.http.impl.conn.PoolingHttpClientConnectionManager.connect(PoolingHttpClientConnectionManager.java:376)
	at org.apache.http.impl.execchain.MainClientExec.establishRoute(MainClientExec.java:393)
	at org.apache.http.impl.execchain.MainClientExec.execute(MainClientExec.java:236)
	at org.apache.http.impl.execchain.ProtocolExec.execute(ProtocolExec.java:186)
	at org.apache.http.impl.execchain.RetryExec.execute(RetryExec.java:89)
	at org.apache.http.impl.execchain.RedirectExec.execute(RedirectExec.java:110)
	at org.apache.http.impl.client.InternalHttpClient.doExecute(InternalHttpClient.java:185)
	at org.apache.http.impl.client.CloseableHttpClient.execute(CloseableHttpClient.java:72)
	at org.apache.http.impl.client.CloseableHttpClient.execute(CloseableHttpClient.java:221)
	at org.apache.http.impl.client.CloseableHttpClient.execute(CloseableHttpClient.java:165)
	at org.apache.http.impl.client.CloseableHttpClient.execute(CloseableHttpClient.java:140)
	at com.ecwid.consul.transport.AbstractHttpTransport.executeRequest(AbstractHttpTransport.java:70)
	... 12 common frames omitted
Caused by: java.net.ConnectException: Connection refused: no further information
	at java.base/sun.nio.ch.Net.pollConnect(Native Method)
	at java.base/sun.nio.ch.Net.pollConnectNow(Net.java:672)
	at java.base/sun.nio.ch.NioSocketImpl.timedFinishConnect(NioSocketImpl.java:549)
	at java.base/sun.nio.ch.NioSocketImpl.connect(NioSocketImpl.java:597)
	at java.base/java.net.SocksSocketImpl.connect(SocksSocketImpl.java:327)
	at java.base/java.net.Socket.connect(Socket.java:633)
	at org.apache.http.conn.socket.PlainConnectionSocketFactory.connectSocket(PlainConnectionSocketFactory.java:75)
	at org.apache.http.impl.conn.DefaultHttpClientConnectionOperator.connect(DefaultHttpClientConnectionOperator.java:142)
	... 24 common frames omitted
[11:48:18] [ERROR] [main] [org.springframework.cloud.consul.serviceregistry.ConsulServiceRegistry:76]: Error registering service with consul: NewService{id='microservice2', name='microservice2', tags=[], address='PN-N-0288.sesame.infotel.com', meta={secure=false}, port=8082, enableTagOverride=null, check=Check{script='null', dockerContainerID='null', shell='null', interval='10s', ttl='null', http='http://PN-N-0288.sesame.infotel.com:8082/actuator/health', method='null', header={}, tcp='null', timeout='null', deregisterCriticalServiceAfter='null', tlsSkipVerify=null, status='null', grpc='null', grpcUseTLS=null}, checks=null}
com.ecwid.consul.transport.TransportException: org.apache.http.conn.HttpHostConnectException: Connect to localhost:8500 [localhost/127.0.0.1, localhost/0:0:0:0:0:0:0:1] failed: Connection refused: no further information
	at com.ecwid.consul.transport.AbstractHttpTransport.executeRequest(AbstractHttpTransport.java:83)
	at com.ecwid.consul.transport.AbstractHttpTransport.makePutRequest(AbstractHttpTransport.java:49)
	at com.ecwid.consul.v1.ConsulRawClient.makePutRequest(ConsulRawClient.java:163)
	at com.ecwid.consul.v1.agent.AgentConsulClient.agentServiceRegister(AgentConsulClient.java:273)
	at com.ecwid.consul.v1.ConsulClient.agentServiceRegister(ConsulClient.java:310)
	at org.springframework.cloud.consul.serviceregistry.ConsulServiceRegistry.register(ConsulServiceRegistry.java:67)
	at org.springframework.cloud.consul.serviceregistry.ConsulServiceRegistry.register(ConsulServiceRegistry.java:43)
	at org.springframework.cloud.client.serviceregistry.AbstractAutoServiceRegistration.register(AbstractAutoServiceRegistration.java:264)
	at org.springframework.cloud.consul.serviceregistry.ConsulAutoServiceRegistration.register(ConsulAutoServiceRegistration.java:80)
	at org.springframework.cloud.client.serviceregistry.AbstractAutoServiceRegistration.start(AbstractAutoServiceRegistration.java:156)
	at org.springframework.cloud.consul.serviceregistry.ConsulAutoServiceRegistration.start(ConsulAutoServiceRegistration.java:70)
	at org.springframework.cloud.consul.serviceregistry.ConsulAutoServiceRegistrationListener.onApplicationEvent(ConsulAutoServiceRegistrationListener.java:60)
	at org.springframework.context.event.SimpleApplicationEventMulticaster.doInvokeListener(SimpleApplicationEventMulticaster.java:176)
	at org.springframework.context.event.SimpleApplicationEventMulticaster.invokeListener(SimpleApplicationEventMulticaster.java:169)
	at org.springframework.context.event.SimpleApplicationEventMulticaster.multicastEvent(SimpleApplicationEventMulticaster.java:143)
	at org.springframework.context.support.AbstractApplicationContext.publishEvent(AbstractApplicationContext.java:413)
	at org.springframework.context.support.AbstractApplicationContext.publishEvent(AbstractApplicationContext.java:370)
	at org.springframework.boot.web.servlet.context.WebServerStartStopLifecycle.start(WebServerStartStopLifecycle.java:47)
	at org.springframework.context.support.DefaultLifecycleProcessor.doStart(DefaultLifecycleProcessor.java:178)
	at org.springframework.context.support.DefaultLifecycleProcessor$LifecycleGroup.start(DefaultLifecycleProcessor.java:356)
	at java.base/java.lang.Iterable.forEach(Iterable.java:75)
	at org.springframework.context.support.DefaultLifecycleProcessor.startBeans(DefaultLifecycleProcessor.java:155)
	at org.springframework.context.support.DefaultLifecycleProcessor.onRefresh(DefaultLifecycleProcessor.java:123)
	at org.springframework.context.support.AbstractApplicationContext.finishRefresh(AbstractApplicationContext.java:932)
	at org.springframework.context.support.AbstractApplicationContext.refresh(AbstractApplicationContext.java:587)
	at org.springframework.boot.web.servlet.context.ServletWebServerApplicationContext.refresh(ServletWebServerApplicationContext.java:146)
	at org.springframework.boot.SpringApplication.refresh(SpringApplication.java:730)
	at org.springframework.boot.SpringApplication.refreshContext(SpringApplication.java:432)
	at org.springframework.boot.SpringApplication.run(SpringApplication.java:308)
	at org.springframework.boot.SpringApplication.run(SpringApplication.java:1302)
	at org.springframework.boot.SpringApplication.run(SpringApplication.java:1291)
	at com.infotel.microservice2.Microservice2Application.main(Microservice2Application.java:10)
Caused by: org.apache.http.conn.HttpHostConnectException: Connect to localhost:8500 [localhost/127.0.0.1, localhost/0:0:0:0:0:0:0:1] failed: Connection refused: no further information
	at org.apache.http.impl.conn.DefaultHttpClientConnectionOperator.connect(DefaultHttpClientConnectionOperator.java:156)
	at org.apache.http.impl.conn.PoolingHttpClientConnectionManager.connect(PoolingHttpClientConnectionManager.java:376)
	at org.apache.http.impl.execchain.MainClientExec.establishRoute(MainClientExec.java:393)
	at org.apache.http.impl.execchain.MainClientExec.execute(MainClientExec.java:236)
	at org.apache.http.impl.execchain.ProtocolExec.execute(ProtocolExec.java:186)
	at org.apache.http.impl.execchain.RetryExec.execute(RetryExec.java:89)
	at org.apache.http.impl.execchain.RedirectExec.execute(RedirectExec.java:110)
	at org.apache.http.impl.client.InternalHttpClient.doExecute(InternalHttpClient.java:185)
	at org.apache.http.impl.client.CloseableHttpClient.execute(CloseableHttpClient.java:72)
	at org.apache.http.impl.client.CloseableHttpClient.execute(CloseableHttpClient.java:221)
	at org.apache.http.impl.client.CloseableHttpClient.execute(CloseableHttpClient.java:165)
	at org.apache.http.impl.client.CloseableHttpClient.execute(CloseableHttpClient.java:140)
	at com.ecwid.consul.transport.AbstractHttpTransport.executeRequest(AbstractHttpTransport.java:70)
	... 31 common frames omitted
Caused by: java.net.ConnectException: Connection refused: no further information
	at java.base/sun.nio.ch.Net.pollConnect(Native Method)
	at java.base/sun.nio.ch.Net.pollConnectNow(Net.java:672)
	at java.base/sun.nio.ch.NioSocketImpl.timedFinishConnect(NioSocketImpl.java:542)
	at java.base/sun.nio.ch.NioSocketImpl.connect(NioSocketImpl.java:597)
	at java.base/java.net.SocksSocketImpl.connect(SocksSocketImpl.java:327)
	at java.base/java.net.Socket.connect(Socket.java:633)
	at org.apache.http.conn.socket.PlainConnectionSocketFactory.connectSocket(PlainConnectionSocketFactory.java:75)
	at org.apache.http.impl.conn.DefaultHttpClientConnectionOperator.connect(DefaultHttpClientConnectionOperator.java:142)
	... 43 common frames omitted
[11:48:18] [WARN] [main] [org.springframework.boot.web.servlet.context.AnnotationConfigServletWebServerApplicationContext:592]: Exception encountered during context initialization - cancelling refresh attempt: org.springframework.context.ApplicationContextException: Failed to start bean 'webServerStartStop'
[11:48:18] [INFO] [main] [org.apache.coyote.http11.Http11NioProtocol:173]: Pausing ProtocolHandler ["http-nio-8082"]
[11:48:18] [INFO] [main] [org.apache.catalina.core.StandardService:173]: Stopping service [Tomcat]
[11:48:18] [INFO] [main] [org.apache.coyote.http11.Http11NioProtocol:173]: Stopping ProtocolHandler ["http-nio-8082"]
[11:48:18] [INFO] [main] [org.apache.coyote.http11.Http11NioProtocol:173]: Destroying ProtocolHandler ["http-nio-8082"]
[11:48:18] [INFO] [main] [org.springframework.boot.autoconfigure.logging.ConditionEvaluationReportLogger:82]: 

Error starting ApplicationContext. To display the condition evaluation report re-run your application with 'debug' enabled.
[11:48:18] [ERROR] [main] [org.springframework.boot.SpringApplication:820]: Application run failed
org.springframework.context.ApplicationContextException: Failed to start bean 'webServerStartStop'
	at org.springframework.context.support.DefaultLifecycleProcessor.doStart(DefaultLifecycleProcessor.java:181)
	at org.springframework.context.support.DefaultLifecycleProcessor$LifecycleGroup.start(DefaultLifecycleProcessor.java:356)
	at java.base/java.lang.Iterable.forEach(Iterable.java:75)
	at org.springframework.context.support.DefaultLifecycleProcessor.startBeans(DefaultLifecycleProcessor.java:155)
	at org.springframework.context.support.DefaultLifecycleProcessor.onRefresh(DefaultLifecycleProcessor.java:123)
	at org.springframework.context.support.AbstractApplicationContext.finishRefresh(AbstractApplicationContext.java:932)
	at org.springframework.context.support.AbstractApplicationContext.refresh(AbstractApplicationContext.java:587)
	at org.springframework.boot.web.servlet.context.ServletWebServerApplicationContext.refresh(ServletWebServerApplicationContext.java:146)
	at org.springframework.boot.SpringApplication.refresh(SpringApplication.java:730)
	at org.springframework.boot.SpringApplication.refreshContext(SpringApplication.java:432)
	at org.springframework.boot.SpringApplication.run(SpringApplication.java:308)
	at org.springframework.boot.SpringApplication.run(SpringApplication.java:1302)
	at org.springframework.boot.SpringApplication.run(SpringApplication.java:1291)
	at com.infotel.microservice2.Microservice2Application.main(Microservice2Application.java:10)
Caused by: com.ecwid.consul.transport.TransportException: org.apache.http.conn.HttpHostConnectException: Connect to localhost:8500 [localhost/127.0.0.1, localhost/0:0:0:0:0:0:0:1] failed: Connection refused: no further information
	at com.ecwid.consul.transport.AbstractHttpTransport.executeRequest(AbstractHttpTransport.java:83)
	at com.ecwid.consul.transport.AbstractHttpTransport.makePutRequest(AbstractHttpTransport.java:49)
	at com.ecwid.consul.v1.ConsulRawClient.makePutRequest(ConsulRawClient.java:163)
	at com.ecwid.consul.v1.agent.AgentConsulClient.agentServiceRegister(AgentConsulClient.java:273)
	at com.ecwid.consul.v1.ConsulClient.agentServiceRegister(ConsulClient.java:310)
	at org.springframework.cloud.consul.serviceregistry.ConsulServiceRegistry.register(ConsulServiceRegistry.java:67)
	at org.springframework.cloud.consul.serviceregistry.ConsulServiceRegistry.register(ConsulServiceRegistry.java:43)
	at org.springframework.cloud.client.serviceregistry.AbstractAutoServiceRegistration.register(AbstractAutoServiceRegistration.java:264)
	at org.springframework.cloud.consul.serviceregistry.ConsulAutoServiceRegistration.register(ConsulAutoServiceRegistration.java:80)
	at org.springframework.cloud.client.serviceregistry.AbstractAutoServiceRegistration.start(AbstractAutoServiceRegistration.java:156)
	at org.springframework.cloud.consul.serviceregistry.ConsulAutoServiceRegistration.start(ConsulAutoServiceRegistration.java:70)
	at org.springframework.cloud.consul.serviceregistry.ConsulAutoServiceRegistrationListener.onApplicationEvent(ConsulAutoServiceRegistrationListener.java:60)
	at org.springframework.context.event.SimpleApplicationEventMulticaster.doInvokeListener(SimpleApplicationEventMulticaster.java:176)
	at org.springframework.context.event.SimpleApplicationEventMulticaster.invokeListener(SimpleApplicationEventMulticaster.java:169)
	at org.springframework.context.event.SimpleApplicationEventMulticaster.multicastEvent(SimpleApplicationEventMulticaster.java:143)
	at org.springframework.context.support.AbstractApplicationContext.publishEvent(AbstractApplicationContext.java:413)
	at org.springframework.context.support.AbstractApplicationContext.publishEvent(AbstractApplicationContext.java:370)
	at org.springframework.boot.web.servlet.context.WebServerStartStopLifecycle.start(WebServerStartStopLifecycle.java:47)
	at org.springframework.context.support.DefaultLifecycleProcessor.doStart(DefaultLifecycleProcessor.java:178)
	... 13 common frames omitted
Caused by: org.apache.http.conn.HttpHostConnectException: Connect to localhost:8500 [localhost/127.0.0.1, localhost/0:0:0:0:0:0:0:1] failed: Connection refused: no further information
	at org.apache.http.impl.conn.DefaultHttpClientConnectionOperator.connect(DefaultHttpClientConnectionOperator.java:156)
	at org.apache.http.impl.conn.PoolingHttpClientConnectionManager.connect(PoolingHttpClientConnectionManager.java:376)
	at org.apache.http.impl.execchain.MainClientExec.establishRoute(MainClientExec.java:393)
	at org.apache.http.impl.execchain.MainClientExec.execute(MainClientExec.java:236)
	at org.apache.http.impl.execchain.ProtocolExec.execute(ProtocolExec.java:186)
	at org.apache.http.impl.execchain.RetryExec.execute(RetryExec.java:89)
	at org.apache.http.impl.execchain.RedirectExec.execute(RedirectExec.java:110)
	at org.apache.http.impl.client.InternalHttpClient.doExecute(InternalHttpClient.java:185)
	at org.apache.http.impl.client.CloseableHttpClient.execute(CloseableHttpClient.java:72)
	at org.apache.http.impl.client.CloseableHttpClient.execute(CloseableHttpClient.java:221)
	at org.apache.http.impl.client.CloseableHttpClient.execute(CloseableHttpClient.java:165)
	at org.apache.http.impl.client.CloseableHttpClient.execute(CloseableHttpClient.java:140)
	at com.ecwid.consul.transport.AbstractHttpTransport.executeRequest(AbstractHttpTransport.java:70)
	... 31 common frames omitted
Caused by: java.net.ConnectException: Connection refused: no further information
	at java.base/sun.nio.ch.Net.pollConnect(Native Method)
	at java.base/sun.nio.ch.Net.pollConnectNow(Net.java:672)
	at java.base/sun.nio.ch.NioSocketImpl.timedFinishConnect(NioSocketImpl.java:542)
	at java.base/sun.nio.ch.NioSocketImpl.connect(NioSocketImpl.java:597)
	at java.base/java.net.SocksSocketImpl.connect(SocksSocketImpl.java:327)
	at java.base/java.net.Socket.connect(Socket.java:633)
	at org.apache.http.conn.socket.PlainConnectionSocketFactory.connectSocket(PlainConnectionSocketFactory.java:75)
	at org.apache.http.impl.conn.DefaultHttpClientConnectionOperator.connect(DefaultHttpClientConnectionOperator.java:142)
	... 43 common frames omitted
[11:49:34] [INFO] [background-preinit] [org.hibernate.validator.internal.util.Version:21]: HV000001: Hibernate Validator 8.0.0.Final
[11:49:34] [INFO] [main] [com.infotel.microservice2.Microservice2Application:51]: Starting Microservice2Application using Java 17.0.3 with PID 21164 (C:\Dev_RBO\repo\msoutils\ms-project\microservice2\target\classes started by r_boug in C:\Dev_RBO\repo\msoutils\ms-project\microservice2)
[11:49:34] [INFO] [main] [com.infotel.microservice2.Microservice2Application:630]: No active profile set, falling back to 1 default profile: "default"
[11:49:36] [INFO] [main] [org.springframework.cloud.context.scope.GenericScope:282]: BeanFactory id=6f2ae260-1de5-3d0f-9915-9f7d27a2f8bb
[11:49:36] [INFO] [main] [org.springframework.boot.web.embedded.tomcat.TomcatWebServer:114]: Tomcat initialized with port(s): 8082 (http)
[11:49:36] [INFO] [main] [org.apache.coyote.http11.Http11NioProtocol:173]: Initializing ProtocolHandler ["http-nio-8082"]
[11:49:36] [INFO] [main] [org.apache.catalina.core.StandardService:173]: Starting service [Tomcat]
[11:49:36] [INFO] [main] [org.apache.catalina.core.StandardEngine:173]: Starting Servlet engine: [Apache Tomcat/10.1.1]
[11:49:37] [INFO] [main] [org.apache.catalina.core.ContainerBase.[Tomcat].[localhost].[/]:173]: Initializing Spring embedded WebApplicationContext
[11:49:37] [INFO] [main] [org.springframework.boot.web.servlet.context.ServletWebServerApplicationContext:291]: Root WebApplicationContext: initialization completed in 2381 ms
[11:49:39] [WARN] [main] [org.springframework.cloud.loadbalancer.config.LoadBalancerCacheAutoConfiguration$LoadBalancerCaffeineWarnLogger:81]: Spring Cloud LoadBalancer is currently working with the default cache. While this cache implementation is useful for development and tests, it's recommended to use Caffeine cache in production.You can switch to using Caffeine cache, by adding it and org.springframework.cache.caffeine.CaffeineCacheManager to the classpath.
[11:49:39] [INFO] [main] [org.springframework.boot.actuate.endpoint.web.EndpointLinksResolver:58]: Exposing 1 endpoint(s) beneath base path '/actuator'
[11:49:39] [INFO] [main] [org.apache.coyote.http11.Http11NioProtocol:173]: Starting ProtocolHandler ["http-nio-8082"]
[11:49:39] [INFO] [main] [org.springframework.boot.web.embedded.tomcat.TomcatWebServer:226]: Tomcat started on port(s): 8082 (http) with context path ''
[11:49:39] [INFO] [main] [org.springframework.cloud.consul.serviceregistry.ConsulServiceRegistry:65]: Registering service with consul: NewService{id='microservice2', name='microservice2', tags=[], address='PN-N-0288.sesame.infotel.com', meta={secure=false}, port=8082, enableTagOverride=null, check=Check{script='null', dockerContainerID='null', shell='null', interval='10s', ttl='null', http='http://PN-N-0288.sesame.infotel.com:8082/actuator/health', method='null', header={}, tcp='null', timeout='null', deregisterCriticalServiceAfter='null', tlsSkipVerify=null, status='null', grpc='null', grpcUseTLS=null}, checks=null}
[11:49:39] [INFO] [main] [com.infotel.microservice2.Microservice2Application:57]: Started Microservice2Application in 5.909 seconds (process running for 7.358)
[11:49:47] [INFO] [http-nio-8082-exec-1] [org.apache.catalina.core.ContainerBase.[Tomcat].[localhost].[/]:173]: Initializing Spring DispatcherServlet 'dispatcherServlet'
[11:49:47] [INFO] [http-nio-8082-exec-1] [org.springframework.web.servlet.DispatcherServlet:525]: Initializing Servlet 'dispatcherServlet'
[11:49:47] [INFO] [http-nio-8082-exec-1] [org.springframework.web.servlet.DispatcherServlet:547]: Completed initialization in 2 ms
[13:34:35] [INFO] [background-preinit] [org.hibernate.validator.internal.util.Version:21]: HV000001: Hibernate Validator 8.0.0.Final
[13:34:35] [INFO] [main] [com.infotel.microservice2.Microservice2Application:51]: Starting Microservice2Application using Java 17.0.3 with PID 15148 (C:\Dev_RBO\repo\msoutils\ms-project\microservice2\target\classes started by r_boug in C:\Dev_RBO\repo\msoutils\ms-project\microservice2)
[13:34:35] [INFO] [main] [com.infotel.microservice2.Microservice2Application:630]: No active profile set, falling back to 1 default profile: "default"
[13:34:36] [INFO] [main] [org.springframework.cloud.context.scope.GenericScope:282]: BeanFactory id=6f2ae260-1de5-3d0f-9915-9f7d27a2f8bb
[13:34:37] [INFO] [main] [org.springframework.boot.web.embedded.tomcat.TomcatWebServer:114]: Tomcat initialized with port(s): 8082 (http)
[13:34:37] [INFO] [main] [org.apache.coyote.http11.Http11NioProtocol:173]: Initializing ProtocolHandler ["http-nio-8082"]
[13:34:37] [INFO] [main] [org.apache.catalina.core.StandardService:173]: Starting service [Tomcat]
[13:34:37] [INFO] [main] [org.apache.catalina.core.StandardEngine:173]: Starting Servlet engine: [Apache Tomcat/10.1.1]
[13:34:37] [INFO] [main] [org.apache.catalina.core.ContainerBase.[Tomcat].[localhost].[/]:173]: Initializing Spring embedded WebApplicationContext
[13:34:37] [INFO] [main] [org.springframework.boot.web.servlet.context.ServletWebServerApplicationContext:291]: Root WebApplicationContext: initialization completed in 1321 ms
[13:34:38] [WARN] [main] [org.springframework.cloud.loadbalancer.config.LoadBalancerCacheAutoConfiguration$LoadBalancerCaffeineWarnLogger:81]: Spring Cloud LoadBalancer is currently working with the default cache. While this cache implementation is useful for development and tests, it's recommended to use Caffeine cache in production.You can switch to using Caffeine cache, by adding it and org.springframework.cache.caffeine.CaffeineCacheManager to the classpath.
[13:34:38] [INFO] [main] [org.springframework.boot.actuate.endpoint.web.EndpointLinksResolver:58]: Exposing 1 endpoint(s) beneath base path '/actuator'
[13:34:38] [INFO] [main] [org.apache.coyote.http11.Http11NioProtocol:173]: Starting ProtocolHandler ["http-nio-8082"]
[13:34:38] [INFO] [main] [org.springframework.boot.web.embedded.tomcat.TomcatWebServer:226]: Tomcat started on port(s): 8082 (http) with context path ''
[13:34:38] [INFO] [main] [org.springframework.cloud.consul.serviceregistry.ConsulServiceRegistry:65]: Registering service with consul: NewService{id='microservice2', name='microservice2', tags=[], address='PN-N-0288.sesame.infotel.com', meta={secure=false}, port=8082, enableTagOverride=null, check=Check{script='null', dockerContainerID='null', shell='null', interval='10s', ttl='null', http='http://PN-N-0288.sesame.infotel.com:8082/actuator/health', method='null', header={}, tcp='null', timeout='null', deregisterCriticalServiceAfter='null', tlsSkipVerify=null, status='null', grpc='null', grpcUseTLS=null}, checks=null}
[13:34:38] [INFO] [main] [com.infotel.microservice2.Microservice2Application:57]: Started Microservice2Application in 3.46 seconds (process running for 4.425)
[13:34:48] [INFO] [http-nio-8082-exec-1] [org.apache.catalina.core.ContainerBase.[Tomcat].[localhost].[/]:173]: Initializing Spring DispatcherServlet 'dispatcherServlet'
[13:34:48] [INFO] [http-nio-8082-exec-1] [org.springframework.web.servlet.DispatcherServlet:525]: Initializing Servlet 'dispatcherServlet'
[13:34:48] [INFO] [http-nio-8082-exec-1] [org.springframework.web.servlet.DispatcherServlet:547]: Completed initialization in 1 ms
