[13:49:57] [INFO] [background-preinit] [org.hibernate.validator.internal.util.Version:21]: HV000001: Hibernate Validator 8.0.0.Final
[13:49:58] [INFO] [main] [com.infotel.microservice2.Microservice2Application:51]: Starting Microservice2Application using Java 17.0.3 with PID 16272 (C:\Dev_RBO\repo\msoutils\ms-project\microservice2\target\classes started by r_boug in C:\Dev_RBO\repo\msoutils\ms-project\microservice2)
[13:49:58] [INFO] [main] [com.infotel.microservice2.Microservice2Application:630]: No active profile set, falling back to 1 default profile: "default"
[13:49:58] [INFO] [main] [org.springframework.cloud.context.scope.GenericScope:282]: BeanFactory id=7d96f66d-7d4e-3a5a-ae87-cf720bd33ceb
[13:49:59] [INFO] [main] [org.springframework.boot.web.embedded.tomcat.TomcatWebServer:114]: Tomcat initialized with port(s): 8082 (http)
[13:49:59] [INFO] [main] [org.apache.coyote.http11.Http11NioProtocol:173]: Initializing ProtocolHandler ["http-nio-8082"]
[13:49:59] [INFO] [main] [org.apache.catalina.core.StandardService:173]: Starting service [Tomcat]
[13:49:59] [INFO] [main] [org.apache.catalina.core.StandardEngine:173]: Starting Servlet engine: [Apache Tomcat/10.1.1]
[13:49:59] [INFO] [main] [org.apache.catalina.core.ContainerBase.[Tomcat].[localhost].[/]:173]: Initializing Spring embedded WebApplicationContext
[13:49:59] [INFO] [main] [org.springframework.boot.web.servlet.context.ServletWebServerApplicationContext:291]: Root WebApplicationContext: initialization completed in 1335 ms
[13:50:00] [WARN] [main] [org.springframework.cloud.loadbalancer.config.LoadBalancerCacheAutoConfiguration$LoadBalancerCaffeineWarnLogger:81]: Spring Cloud LoadBalancer is currently working with the default cache. While this cache implementation is useful for development and tests, it's recommended to use Caffeine cache in production.You can switch to using Caffeine cache, by adding it and org.springframework.cache.caffeine.CaffeineCacheManager to the classpath.
[13:50:00] [INFO] [main] [org.springframework.boot.actuate.endpoint.web.EndpointLinksResolver:58]: Exposing 1 endpoint(s) beneath base path '/actuator'
[13:50:00] [INFO] [main] [org.apache.coyote.http11.Http11NioProtocol:173]: Starting ProtocolHandler ["http-nio-8082"]
[13:50:00] [INFO] [main] [org.springframework.boot.web.embedded.tomcat.TomcatWebServer:226]: Tomcat started on port(s): 8082 (http) with context path ''
[13:50:00] [INFO] [main] [org.springframework.cloud.consul.serviceregistry.ConsulServiceRegistry:65]: Registering service with consul: NewService{id='microservice2', name='microservice2', tags=[], address='PN-N-0288.sesame.infotel.com', meta={secure=false}, port=8082, enableTagOverride=null, check=Check{script='null', dockerContainerID='null', shell='null', interval='10s', ttl='null', http='http://PN-N-0288.sesame.infotel.com:8082/actuator/health', method='null', header={}, tcp='null', timeout='null', deregisterCriticalServiceAfter='null', tlsSkipVerify=null, status='null', grpc='null', grpcUseTLS=null}, checks=null}
[13:50:00] [INFO] [main] [com.infotel.microservice2.Microservice2Application:57]: Started Microservice2Application in 3.078 seconds (process running for 3.643)
[13:50:07] [INFO] [http-nio-8082-exec-1] [org.apache.catalina.core.ContainerBase.[Tomcat].[localhost].[/]:173]: Initializing Spring DispatcherServlet 'dispatcherServlet'
[13:50:07] [INFO] [http-nio-8082-exec-1] [org.springframework.web.servlet.DispatcherServlet:525]: Initializing Servlet 'dispatcherServlet'
[13:50:07] [INFO] [http-nio-8082-exec-1] [org.springframework.web.servlet.DispatcherServlet:547]: Completed initialization in 1 ms
[13:50:59] [INFO] [background-preinit] [org.hibernate.validator.internal.util.Version:21]: HV000001: Hibernate Validator 8.0.0.Final
[13:50:59] [INFO] [main] [com.infotel.microservice2.Microservice2Application:51]: Starting Microservice2Application using Java 17.0.3 with PID 7944 (C:\Dev_RBO\repo\msoutils\ms-project\microservice2\target\classes started by r_boug in C:\Dev_RBO\repo\msoutils\ms-project\microservice2)
[13:50:59] [INFO] [main] [com.infotel.microservice2.Microservice2Application:630]: No active profile set, falling back to 1 default profile: "default"
[13:51:00] [INFO] [main] [org.springframework.cloud.context.scope.GenericScope:282]: BeanFactory id=7d96f66d-7d4e-3a5a-ae87-cf720bd33ceb
[13:51:00] [INFO] [main] [org.springframework.boot.web.embedded.tomcat.TomcatWebServer:114]: Tomcat initialized with port(s): 8082 (http)
[13:51:00] [INFO] [main] [org.apache.coyote.http11.Http11NioProtocol:173]: Initializing ProtocolHandler ["http-nio-8082"]
[13:51:00] [INFO] [main] [org.apache.catalina.core.StandardService:173]: Starting service [Tomcat]
[13:51:00] [INFO] [main] [org.apache.catalina.core.StandardEngine:173]: Starting Servlet engine: [Apache Tomcat/10.1.1]
[13:51:01] [INFO] [main] [org.apache.catalina.core.ContainerBase.[Tomcat].[localhost].[/]:173]: Initializing Spring embedded WebApplicationContext
[13:51:01] [INFO] [main] [org.springframework.boot.web.servlet.context.ServletWebServerApplicationContext:291]: Root WebApplicationContext: initialization completed in 1585 ms
[13:51:02] [WARN] [main] [org.springframework.cloud.loadbalancer.config.LoadBalancerCacheAutoConfiguration$LoadBalancerCaffeineWarnLogger:81]: Spring Cloud LoadBalancer is currently working with the default cache. While this cache implementation is useful for development and tests, it's recommended to use Caffeine cache in production.You can switch to using Caffeine cache, by adding it and org.springframework.cache.caffeine.CaffeineCacheManager to the classpath.
[13:51:02] [INFO] [main] [org.springframework.boot.actuate.endpoint.web.EndpointLinksResolver:58]: Exposing 1 endpoint(s) beneath base path '/actuator'
[13:51:02] [INFO] [main] [org.apache.coyote.http11.Http11NioProtocol:173]: Starting ProtocolHandler ["http-nio-8082"]
[13:51:02] [INFO] [main] [org.springframework.boot.web.embedded.tomcat.TomcatWebServer:226]: Tomcat started on port(s): 8082 (http) with context path ''
[13:51:02] [INFO] [main] [org.springframework.cloud.consul.serviceregistry.ConsulServiceRegistry:65]: Registering service with consul: NewService{id='microservice2', name='microservice2', tags=[], address='PN-N-0288.sesame.infotel.com', meta={secure=false}, port=8082, enableTagOverride=null, check=Check{script='null', dockerContainerID='null', shell='null', interval='10s', ttl='null', http='http://PN-N-0288.sesame.infotel.com:8082/actuator/health', method='null', header={}, tcp='null', timeout='null', deregisterCriticalServiceAfter='null', tlsSkipVerify=null, status='null', grpc='null', grpcUseTLS=null}, checks=null}
[13:51:02] [INFO] [main] [com.infotel.microservice2.Microservice2Application:57]: Started Microservice2Application in 3.696 seconds (process running for 4.344)
[13:51:04] [INFO] [http-nio-8082-exec-1] [org.apache.catalina.core.ContainerBase.[Tomcat].[localhost].[/]:173]: Initializing Spring DispatcherServlet 'dispatcherServlet'
[13:51:04] [INFO] [http-nio-8082-exec-1] [org.springframework.web.servlet.DispatcherServlet:525]: Initializing Servlet 'dispatcherServlet'
[13:51:04] [INFO] [http-nio-8082-exec-1] [org.springframework.web.servlet.DispatcherServlet:547]: Completed initialization in 0 ms
