[13:27:46] [INFO] [background-preinit] [org.hibernate.validator.internal.util.Version:21]: HV000001: Hibernate Validator 8.0.0.Final
[13:27:46] [INFO] [main] [com.infotel.elk.ElkApplication:51]: Starting ElkApplication using Java 17.0.3 with PID 4016 (C:\Dev_RBO\repo\msoutils\ms-project\elk\target\classes started by r_boug in C:\Dev_RBO\repo\msoutils\ms-project\elk)
[13:27:46] [INFO] [main] [com.infotel.elk.ElkApplication:630]: No active profile set, falling back to 1 default profile: "default"
[13:27:47] [INFO] [main] [org.springframework.cloud.context.scope.GenericScope:282]: BeanFactory id=b3dc6542-a77f-3040-a821-ccfa022f00f2
[13:27:47] [INFO] [main] [org.springframework.boot.web.embedded.tomcat.TomcatWebServer:114]: Tomcat initialized with port(s): 8080 (http)
[13:27:47] [INFO] [main] [org.apache.coyote.http11.Http11NioProtocol:173]: Initializing ProtocolHandler ["http-nio-8080"]
[13:27:47] [INFO] [main] [org.apache.catalina.core.StandardService:173]: Starting service [Tomcat]
[13:27:47] [INFO] [main] [org.apache.catalina.core.StandardEngine:173]: Starting Servlet engine: [Apache Tomcat/10.1.1]
[13:27:47] [INFO] [main] [org.apache.catalina.core.ContainerBase.[Tomcat].[localhost].[/]:173]: Initializing Spring embedded WebApplicationContext
[13:27:47] [INFO] [main] [org.springframework.boot.web.servlet.context.ServletWebServerApplicationContext:291]: Root WebApplicationContext: initialization completed in 1300 ms
[13:27:49] [WARN] [main] [org.springframework.boot.web.servlet.context.AnnotationConfigServletWebServerApplicationContext:592]: Exception encountered during context initialization - cancelling refresh attempt: org.springframework.beans.factory.UnsatisfiedDependencyException: Error creating bean with name 'org.springframework.cloud.client.serviceregistry.AutoServiceRegistrationAutoConfiguration': Unsatisfied dependency expressed through field 'autoServiceRegistration': Error creating bean with name 'consulAutoServiceRegistration' defined in class path resource [org/springframework/cloud/consul/serviceregistry/ConsulAutoServiceRegistrationAutoConfiguration.class]: Unsatisfied dependency expressed through method 'consulAutoServiceRegistration' parameter 3: Error creating bean with name 'consulRegistration' defined in class path resource [org/springframework/cloud/consul/serviceregistry/ConsulAutoServiceRegistrationAutoConfiguration.class]: Failed to instantiate [org.springframework.cloud.consul.serviceregistry.ConsulAutoRegistration]: Factory method 'consulRegistration' threw exception with message: Consul service ids must not be empty, must start with a letter, end with a letter or digit, and have as interior characters only letters, digits, and hyphen: null
[13:27:49] [INFO] [main] [org.apache.catalina.core.StandardService:173]: Stopping service [Tomcat]
[13:27:49] [INFO] [main] [org.springframework.boot.autoconfigure.logging.ConditionEvaluationReportLogger:82]: 

Error starting ApplicationContext. To display the condition evaluation report re-run your application with 'debug' enabled.
[13:27:49] [ERROR] [main] [org.springframework.boot.SpringApplication:820]: Application run failed
org.springframework.beans.factory.UnsatisfiedDependencyException: Error creating bean with name 'org.springframework.cloud.client.serviceregistry.AutoServiceRegistrationAutoConfiguration': Unsatisfied dependency expressed through field 'autoServiceRegistration': Error creating bean with name 'consulAutoServiceRegistration' defined in class path resource [org/springframework/cloud/consul/serviceregistry/ConsulAutoServiceRegistrationAutoConfiguration.class]: Unsatisfied dependency expressed through method 'consulAutoServiceRegistration' parameter 3: Error creating bean with name 'consulRegistration' defined in class path resource [org/springframework/cloud/consul/serviceregistry/ConsulAutoServiceRegistrationAutoConfiguration.class]: Failed to instantiate [org.springframework.cloud.consul.serviceregistry.ConsulAutoRegistration]: Factory method 'consulRegistration' threw exception with message: Consul service ids must not be empty, must start with a letter, end with a letter or digit, and have as interior characters only letters, digits, and hyphen: null
	at org.springframework.beans.factory.annotation.AutowiredAnnotationBeanPostProcessor$AutowiredFieldElement.resolveFieldValue(AutowiredAnnotationBeanPostProcessor.java:712)
	at org.springframework.beans.factory.annotation.AutowiredAnnotationBeanPostProcessor$AutowiredFieldElement.inject(AutowiredAnnotationBeanPostProcessor.java:692)
	at org.springframework.beans.factory.annotation.InjectionMetadata.inject(InjectionMetadata.java:127)
	at org.springframework.beans.factory.annotation.AutowiredAnnotationBeanPostProcessor.postProcessProperties(AutowiredAnnotationBeanPostProcessor.java:481)
	at org.springframework.beans.factory.support.AbstractAutowireCapableBeanFactory.populateBean(AbstractAutowireCapableBeanFactory.java:1397)
	at org.springframework.beans.factory.support.AbstractAutowireCapableBeanFactory.doCreateBean(AbstractAutowireCapableBeanFactory.java:598)
	at org.springframework.beans.factory.support.AbstractAutowireCapableBeanFactory.createBean(AbstractAutowireCapableBeanFactory.java:521)
	at org.springframework.beans.factory.support.AbstractBeanFactory.lambda$doGetBean$0(AbstractBeanFactory.java:326)
	at org.springframework.beans.factory.support.DefaultSingletonBeanRegistry.getSingleton(DefaultSingletonBeanRegistry.java:234)
	at org.springframework.beans.factory.support.AbstractBeanFactory.doGetBean(AbstractBeanFactory.java:324)
	at org.springframework.beans.factory.support.AbstractBeanFactory.getBean(AbstractBeanFactory.java:200)
	at org.springframework.beans.factory.support.DefaultListableBeanFactory.preInstantiateSingletons(DefaultListableBeanFactory.java:961)
	at org.springframework.context.support.AbstractApplicationContext.finishBeanFactoryInitialization(AbstractApplicationContext.java:915)
	at org.springframework.context.support.AbstractApplicationContext.refresh(AbstractApplicationContext.java:584)
	at org.springframework.boot.web.servlet.context.ServletWebServerApplicationContext.refresh(ServletWebServerApplicationContext.java:146)
	at org.springframework.boot.SpringApplication.refresh(SpringApplication.java:730)
	at org.springframework.boot.SpringApplication.refreshContext(SpringApplication.java:432)
	at org.springframework.boot.SpringApplication.run(SpringApplication.java:308)
	at org.springframework.boot.SpringApplication.run(SpringApplication.java:1302)
	at org.springframework.boot.SpringApplication.run(SpringApplication.java:1291)
	at com.infotel.elk.ElkApplication.main(ElkApplication.java:12)
Caused by: org.springframework.beans.factory.UnsatisfiedDependencyException: Error creating bean with name 'consulAutoServiceRegistration' defined in class path resource [org/springframework/cloud/consul/serviceregistry/ConsulAutoServiceRegistrationAutoConfiguration.class]: Unsatisfied dependency expressed through method 'consulAutoServiceRegistration' parameter 3: Error creating bean with name 'consulRegistration' defined in class path resource [org/springframework/cloud/consul/serviceregistry/ConsulAutoServiceRegistrationAutoConfiguration.class]: Failed to instantiate [org.springframework.cloud.consul.serviceregistry.ConsulAutoRegistration]: Factory method 'consulRegistration' threw exception with message: Consul service ids must not be empty, must start with a letter, end with a letter or digit, and have as interior characters only letters, digits, and hyphen: null
	at org.springframework.beans.factory.support.ConstructorResolver.createArgumentArray(ConstructorResolver.java:793)
	at org.springframework.beans.factory.support.ConstructorResolver.instantiateUsingFactoryMethod(ConstructorResolver.java:543)
	at org.springframework.beans.factory.support.AbstractAutowireCapableBeanFactory.instantiateUsingFactoryMethod(AbstractAutowireCapableBeanFactory.java:1324)
	at org.springframework.beans.factory.support.AbstractAutowireCapableBeanFactory.createBeanInstance(AbstractAutowireCapableBeanFactory.java:1161)
	at org.springframework.beans.factory.support.AbstractAutowireCapableBeanFactory.doCreateBean(AbstractAutowireCapableBeanFactory.java:561)
	at org.springframework.beans.factory.support.AbstractAutowireCapableBeanFactory.createBean(AbstractAutowireCapableBeanFactory.java:521)
	at org.springframework.beans.factory.support.AbstractBeanFactory.lambda$doGetBean$0(AbstractBeanFactory.java:326)
	at org.springframework.beans.factory.support.DefaultSingletonBeanRegistry.getSingleton(DefaultSingletonBeanRegistry.java:234)
	at org.springframework.beans.factory.support.AbstractBeanFactory.doGetBean(AbstractBeanFactory.java:324)
	at org.springframework.beans.factory.support.AbstractBeanFactory.getBean(AbstractBeanFactory.java:200)
	at org.springframework.beans.factory.config.DependencyDescriptor.resolveCandidate(DependencyDescriptor.java:254)
	at org.springframework.beans.factory.support.DefaultListableBeanFactory.doResolveDependency(DefaultListableBeanFactory.java:1405)
	at org.springframework.beans.factory.support.DefaultListableBeanFactory.resolveDependency(DefaultListableBeanFactory.java:1325)
	at org.springframework.beans.factory.annotation.AutowiredAnnotationBeanPostProcessor$AutowiredFieldElement.resolveFieldValue(AutowiredAnnotationBeanPostProcessor.java:709)
	... 20 common frames omitted
Caused by: org.springframework.beans.factory.BeanCreationException: Error creating bean with name 'consulRegistration' defined in class path resource [org/springframework/cloud/consul/serviceregistry/ConsulAutoServiceRegistrationAutoConfiguration.class]: Failed to instantiate [org.springframework.cloud.consul.serviceregistry.ConsulAutoRegistration]: Factory method 'consulRegistration' threw exception with message: Consul service ids must not be empty, must start with a letter, end with a letter or digit, and have as interior characters only letters, digits, and hyphen: null
	at org.springframework.beans.factory.support.ConstructorResolver.instantiate(ConstructorResolver.java:652)
	at org.springframework.beans.factory.support.ConstructorResolver.instantiateUsingFactoryMethod(ConstructorResolver.java:640)
	at org.springframework.beans.factory.support.AbstractAutowireCapableBeanFactory.instantiateUsingFactoryMethod(AbstractAutowireCapableBeanFactory.java:1324)
	at org.springframework.beans.factory.support.AbstractAutowireCapableBeanFactory.createBeanInstance(AbstractAutowireCapableBeanFactory.java:1161)
	at org.springframework.beans.factory.support.AbstractAutowireCapableBeanFactory.doCreateBean(AbstractAutowireCapableBeanFactory.java:561)
	at org.springframework.beans.factory.support.AbstractAutowireCapableBeanFactory.createBean(AbstractAutowireCapableBeanFactory.java:521)
	at org.springframework.beans.factory.support.AbstractBeanFactory.lambda$doGetBean$0(AbstractBeanFactory.java:326)
	at org.springframework.beans.factory.support.DefaultSingletonBeanRegistry.getSingleton(DefaultSingletonBeanRegistry.java:234)
	at org.springframework.beans.factory.support.AbstractBeanFactory.doGetBean(AbstractBeanFactory.java:324)
	at org.springframework.beans.factory.support.AbstractBeanFactory.getBean(AbstractBeanFactory.java:200)
	at org.springframework.beans.factory.config.DependencyDescriptor.resolveCandidate(DependencyDescriptor.java:254)
	at org.springframework.beans.factory.support.DefaultListableBeanFactory.doResolveDependency(DefaultListableBeanFactory.java:1405)
	at org.springframework.beans.factory.support.DefaultListableBeanFactory.resolveDependency(DefaultListableBeanFactory.java:1325)
	at org.springframework.beans.factory.support.ConstructorResolver.resolveAutowiredArgument(ConstructorResolver.java:880)
	at org.springframework.beans.factory.support.ConstructorResolver.createArgumentArray(ConstructorResolver.java:784)
	... 33 common frames omitted
Caused by: org.springframework.beans.BeanInstantiationException: Failed to instantiate [org.springframework.cloud.consul.serviceregistry.ConsulAutoRegistration]: Factory method 'consulRegistration' threw exception with message: Consul service ids must not be empty, must start with a letter, end with a letter or digit, and have as interior characters only letters, digits, and hyphen: null
	at org.springframework.beans.factory.support.SimpleInstantiationStrategy.instantiate(SimpleInstantiationStrategy.java:171)
	at org.springframework.beans.factory.support.ConstructorResolver.instantiate(ConstructorResolver.java:648)
	... 47 common frames omitted
Caused by: java.lang.IllegalArgumentException: Consul service ids must not be empty, must start with a letter, end with a letter or digit, and have as interior characters only letters, digits, and hyphen: null
	at org.springframework.cloud.consul.serviceregistry.ConsulAutoRegistration.normalizeForDns(ConsulAutoRegistration.java:169)
	at org.springframework.cloud.consul.serviceregistry.ConsulAutoRegistration.getInstanceId(ConsulAutoRegistration.java:161)
	at org.springframework.cloud.consul.serviceregistry.ConsulAutoRegistration.registration(ConsulAutoRegistration.java:84)
	at org.springframework.cloud.consul.serviceregistry.ConsulAutoServiceRegistrationAutoConfiguration.consulRegistration(ConsulAutoServiceRegistrationAutoConfiguration.java:78)
	at java.base/jdk.internal.reflect.NativeMethodAccessorImpl.invoke0(Native Method)
	at java.base/jdk.internal.reflect.NativeMethodAccessorImpl.invoke(NativeMethodAccessorImpl.java:77)
	at java.base/jdk.internal.reflect.DelegatingMethodAccessorImpl.invoke(DelegatingMethodAccessorImpl.java:43)
	at java.base/java.lang.reflect.Method.invoke(Method.java:568)
	at org.springframework.beans.factory.support.SimpleInstantiationStrategy.instantiate(SimpleInstantiationStrategy.java:139)
	... 48 common frames omitted
[14:29:27] [INFO] [background-preinit] [org.hibernate.validator.internal.util.Version:21]: HV000001: Hibernate Validator 8.0.0.Final
[14:29:27] [INFO] [main] [com.infotel.elk.ElkApplication:51]: Starting ElkApplication using Java 17.0.3 with PID 18260 (C:\Dev_RBO\repo\msoutils\ms-project\elk\target\classes started by r_boug in C:\Dev_RBO\repo\msoutils\ms-project\elk)
[14:29:27] [INFO] [main] [com.infotel.elk.ElkApplication:630]: No active profile set, falling back to 1 default profile: "default"
[14:29:27] [INFO] [main] [org.springframework.cloud.context.scope.GenericScope:282]: BeanFactory id=b3dc6542-a77f-3040-a821-ccfa022f00f2
[14:29:28] [INFO] [main] [org.springframework.boot.web.embedded.tomcat.TomcatWebServer:114]: Tomcat initialized with port(s): 8080 (http)
[14:29:28] [INFO] [main] [org.apache.coyote.http11.Http11NioProtocol:173]: Initializing ProtocolHandler ["http-nio-8080"]
[14:29:28] [INFO] [main] [org.apache.catalina.core.StandardService:173]: Starting service [Tomcat]
[14:29:28] [INFO] [main] [org.apache.catalina.core.StandardEngine:173]: Starting Servlet engine: [Apache Tomcat/10.1.1]
[14:29:28] [INFO] [main] [org.apache.catalina.core.ContainerBase.[Tomcat].[localhost].[/]:173]: Initializing Spring embedded WebApplicationContext
[14:29:28] [INFO] [main] [org.springframework.boot.web.servlet.context.ServletWebServerApplicationContext:291]: Root WebApplicationContext: initialization completed in 1293 ms
[14:29:29] [WARN] [main] [org.springframework.boot.web.servlet.context.AnnotationConfigServletWebServerApplicationContext:592]: Exception encountered during context initialization - cancelling refresh attempt: org.springframework.beans.factory.UnsatisfiedDependencyException: Error creating bean with name 'org.springframework.cloud.client.serviceregistry.AutoServiceRegistrationAutoConfiguration': Unsatisfied dependency expressed through field 'autoServiceRegistration': Error creating bean with name 'consulAutoServiceRegistration' defined in class path resource [org/springframework/cloud/consul/serviceregistry/ConsulAutoServiceRegistrationAutoConfiguration.class]: Unsatisfied dependency expressed through method 'consulAutoServiceRegistration' parameter 3: Error creating bean with name 'consulRegistration' defined in class path resource [org/springframework/cloud/consul/serviceregistry/ConsulAutoServiceRegistrationAutoConfiguration.class]: Failed to instantiate [org.springframework.cloud.consul.serviceregistry.ConsulAutoRegistration]: Factory method 'consulRegistration' threw exception with message: Consul service ids must not be empty, must start with a letter, end with a letter or digit, and have as interior characters only letters, digits, and hyphen: null
[14:29:29] [INFO] [main] [org.apache.catalina.core.StandardService:173]: Stopping service [Tomcat]
[14:29:29] [INFO] [main] [org.springframework.boot.autoconfigure.logging.ConditionEvaluationReportLogger:82]: 

Error starting ApplicationContext. To display the condition evaluation report re-run your application with 'debug' enabled.
[14:29:29] [ERROR] [main] [org.springframework.boot.SpringApplication:820]: Application run failed
org.springframework.beans.factory.UnsatisfiedDependencyException: Error creating bean with name 'org.springframework.cloud.client.serviceregistry.AutoServiceRegistrationAutoConfiguration': Unsatisfied dependency expressed through field 'autoServiceRegistration': Error creating bean with name 'consulAutoServiceRegistration' defined in class path resource [org/springframework/cloud/consul/serviceregistry/ConsulAutoServiceRegistrationAutoConfiguration.class]: Unsatisfied dependency expressed through method 'consulAutoServiceRegistration' parameter 3: Error creating bean with name 'consulRegistration' defined in class path resource [org/springframework/cloud/consul/serviceregistry/ConsulAutoServiceRegistrationAutoConfiguration.class]: Failed to instantiate [org.springframework.cloud.consul.serviceregistry.ConsulAutoRegistration]: Factory method 'consulRegistration' threw exception with message: Consul service ids must not be empty, must start with a letter, end with a letter or digit, and have as interior characters only letters, digits, and hyphen: null
	at org.springframework.beans.factory.annotation.AutowiredAnnotationBeanPostProcessor$AutowiredFieldElement.resolveFieldValue(AutowiredAnnotationBeanPostProcessor.java:712)
	at org.springframework.beans.factory.annotation.AutowiredAnnotationBeanPostProcessor$AutowiredFieldElement.inject(AutowiredAnnotationBeanPostProcessor.java:692)
	at org.springframework.beans.factory.annotation.InjectionMetadata.inject(InjectionMetadata.java:127)
	at org.springframework.beans.factory.annotation.AutowiredAnnotationBeanPostProcessor.postProcessProperties(AutowiredAnnotationBeanPostProcessor.java:481)
	at org.springframework.beans.factory.support.AbstractAutowireCapableBeanFactory.populateBean(AbstractAutowireCapableBeanFactory.java:1397)
	at org.springframework.beans.factory.support.AbstractAutowireCapableBeanFactory.doCreateBean(AbstractAutowireCapableBeanFactory.java:598)
	at org.springframework.beans.factory.support.AbstractAutowireCapableBeanFactory.createBean(AbstractAutowireCapableBeanFactory.java:521)
	at org.springframework.beans.factory.support.AbstractBeanFactory.lambda$doGetBean$0(AbstractBeanFactory.java:326)
	at org.springframework.beans.factory.support.DefaultSingletonBeanRegistry.getSingleton(DefaultSingletonBeanRegistry.java:234)
	at org.springframework.beans.factory.support.AbstractBeanFactory.doGetBean(AbstractBeanFactory.java:324)
	at org.springframework.beans.factory.support.AbstractBeanFactory.getBean(AbstractBeanFactory.java:200)
	at org.springframework.beans.factory.support.DefaultListableBeanFactory.preInstantiateSingletons(DefaultListableBeanFactory.java:961)
	at org.springframework.context.support.AbstractApplicationContext.finishBeanFactoryInitialization(AbstractApplicationContext.java:915)
	at org.springframework.context.support.AbstractApplicationContext.refresh(AbstractApplicationContext.java:584)
	at org.springframework.boot.web.servlet.context.ServletWebServerApplicationContext.refresh(ServletWebServerApplicationContext.java:146)
	at org.springframework.boot.SpringApplication.refresh(SpringApplication.java:730)
	at org.springframework.boot.SpringApplication.refreshContext(SpringApplication.java:432)
	at org.springframework.boot.SpringApplication.run(SpringApplication.java:308)
	at org.springframework.boot.SpringApplication.run(SpringApplication.java:1302)
	at org.springframework.boot.SpringApplication.run(SpringApplication.java:1291)
	at com.infotel.elk.ElkApplication.main(ElkApplication.java:12)
Caused by: org.springframework.beans.factory.UnsatisfiedDependencyException: Error creating bean with name 'consulAutoServiceRegistration' defined in class path resource [org/springframework/cloud/consul/serviceregistry/ConsulAutoServiceRegistrationAutoConfiguration.class]: Unsatisfied dependency expressed through method 'consulAutoServiceRegistration' parameter 3: Error creating bean with name 'consulRegistration' defined in class path resource [org/springframework/cloud/consul/serviceregistry/ConsulAutoServiceRegistrationAutoConfiguration.class]: Failed to instantiate [org.springframework.cloud.consul.serviceregistry.ConsulAutoRegistration]: Factory method 'consulRegistration' threw exception with message: Consul service ids must not be empty, must start with a letter, end with a letter or digit, and have as interior characters only letters, digits, and hyphen: null
	at org.springframework.beans.factory.support.ConstructorResolver.createArgumentArray(ConstructorResolver.java:793)
	at org.springframework.beans.factory.support.ConstructorResolver.instantiateUsingFactoryMethod(ConstructorResolver.java:543)
	at org.springframework.beans.factory.support.AbstractAutowireCapableBeanFactory.instantiateUsingFactoryMethod(AbstractAutowireCapableBeanFactory.java:1324)
	at org.springframework.beans.factory.support.AbstractAutowireCapableBeanFactory.createBeanInstance(AbstractAutowireCapableBeanFactory.java:1161)
	at org.springframework.beans.factory.support.AbstractAutowireCapableBeanFactory.doCreateBean(AbstractAutowireCapableBeanFactory.java:561)
	at org.springframework.beans.factory.support.AbstractAutowireCapableBeanFactory.createBean(AbstractAutowireCapableBeanFactory.java:521)
	at org.springframework.beans.factory.support.AbstractBeanFactory.lambda$doGetBean$0(AbstractBeanFactory.java:326)
	at org.springframework.beans.factory.support.DefaultSingletonBeanRegistry.getSingleton(DefaultSingletonBeanRegistry.java:234)
	at org.springframework.beans.factory.support.AbstractBeanFactory.doGetBean(AbstractBeanFactory.java:324)
	at org.springframework.beans.factory.support.AbstractBeanFactory.getBean(AbstractBeanFactory.java:200)
	at org.springframework.beans.factory.config.DependencyDescriptor.resolveCandidate(DependencyDescriptor.java:254)
	at org.springframework.beans.factory.support.DefaultListableBeanFactory.doResolveDependency(DefaultListableBeanFactory.java:1405)
	at org.springframework.beans.factory.support.DefaultListableBeanFactory.resolveDependency(DefaultListableBeanFactory.java:1325)
	at org.springframework.beans.factory.annotation.AutowiredAnnotationBeanPostProcessor$AutowiredFieldElement.resolveFieldValue(AutowiredAnnotationBeanPostProcessor.java:709)
	... 20 common frames omitted
Caused by: org.springframework.beans.factory.BeanCreationException: Error creating bean with name 'consulRegistration' defined in class path resource [org/springframework/cloud/consul/serviceregistry/ConsulAutoServiceRegistrationAutoConfiguration.class]: Failed to instantiate [org.springframework.cloud.consul.serviceregistry.ConsulAutoRegistration]: Factory method 'consulRegistration' threw exception with message: Consul service ids must not be empty, must start with a letter, end with a letter or digit, and have as interior characters only letters, digits, and hyphen: null
	at org.springframework.beans.factory.support.ConstructorResolver.instantiate(ConstructorResolver.java:652)
	at org.springframework.beans.factory.support.ConstructorResolver.instantiateUsingFactoryMethod(ConstructorResolver.java:640)
	at org.springframework.beans.factory.support.AbstractAutowireCapableBeanFactory.instantiateUsingFactoryMethod(AbstractAutowireCapableBeanFactory.java:1324)
	at org.springframework.beans.factory.support.AbstractAutowireCapableBeanFactory.createBeanInstance(AbstractAutowireCapableBeanFactory.java:1161)
	at org.springframework.beans.factory.support.AbstractAutowireCapableBeanFactory.doCreateBean(AbstractAutowireCapableBeanFactory.java:561)
	at org.springframework.beans.factory.support.AbstractAutowireCapableBeanFactory.createBean(AbstractAutowireCapableBeanFactory.java:521)
	at org.springframework.beans.factory.support.AbstractBeanFactory.lambda$doGetBean$0(AbstractBeanFactory.java:326)
	at org.springframework.beans.factory.support.DefaultSingletonBeanRegistry.getSingleton(DefaultSingletonBeanRegistry.java:234)
	at org.springframework.beans.factory.support.AbstractBeanFactory.doGetBean(AbstractBeanFactory.java:324)
	at org.springframework.beans.factory.support.AbstractBeanFactory.getBean(AbstractBeanFactory.java:200)
	at org.springframework.beans.factory.config.DependencyDescriptor.resolveCandidate(DependencyDescriptor.java:254)
	at org.springframework.beans.factory.support.DefaultListableBeanFactory.doResolveDependency(DefaultListableBeanFactory.java:1405)
	at org.springframework.beans.factory.support.DefaultListableBeanFactory.resolveDependency(DefaultListableBeanFactory.java:1325)
	at org.springframework.beans.factory.support.ConstructorResolver.resolveAutowiredArgument(ConstructorResolver.java:880)
	at org.springframework.beans.factory.support.ConstructorResolver.createArgumentArray(ConstructorResolver.java:784)
	... 33 common frames omitted
Caused by: org.springframework.beans.BeanInstantiationException: Failed to instantiate [org.springframework.cloud.consul.serviceregistry.ConsulAutoRegistration]: Factory method 'consulRegistration' threw exception with message: Consul service ids must not be empty, must start with a letter, end with a letter or digit, and have as interior characters only letters, digits, and hyphen: null
	at org.springframework.beans.factory.support.SimpleInstantiationStrategy.instantiate(SimpleInstantiationStrategy.java:171)
	at org.springframework.beans.factory.support.ConstructorResolver.instantiate(ConstructorResolver.java:648)
	... 47 common frames omitted
Caused by: java.lang.IllegalArgumentException: Consul service ids must not be empty, must start with a letter, end with a letter or digit, and have as interior characters only letters, digits, and hyphen: null
	at org.springframework.cloud.consul.serviceregistry.ConsulAutoRegistration.normalizeForDns(ConsulAutoRegistration.java:169)
	at org.springframework.cloud.consul.serviceregistry.ConsulAutoRegistration.getInstanceId(ConsulAutoRegistration.java:161)
	at org.springframework.cloud.consul.serviceregistry.ConsulAutoRegistration.registration(ConsulAutoRegistration.java:84)
	at org.springframework.cloud.consul.serviceregistry.ConsulAutoServiceRegistrationAutoConfiguration.consulRegistration(ConsulAutoServiceRegistrationAutoConfiguration.java:78)
	at java.base/jdk.internal.reflect.NativeMethodAccessorImpl.invoke0(Native Method)
	at java.base/jdk.internal.reflect.NativeMethodAccessorImpl.invoke(NativeMethodAccessorImpl.java:77)
	at java.base/jdk.internal.reflect.DelegatingMethodAccessorImpl.invoke(DelegatingMethodAccessorImpl.java:43)
	at java.base/java.lang.reflect.Method.invoke(Method.java:568)
	at org.springframework.beans.factory.support.SimpleInstantiationStrategy.instantiate(SimpleInstantiationStrategy.java:139)
	... 48 common frames omitted
