[13:48:46] [INFO] [main] [com.infotel.microservice1.Microservice1Application:51]: Starting Microservice1Application using Java 17.0.3 with PID 17956 (C:\Dev_RBO\repo\msoutils\ms-project\microservice1\target\classes started by r_boug in C:\Dev_RBO\repo\msoutils\ms-project\microservice1)
[13:48:46] [INFO] [main] [com.infotel.microservice1.Microservice1Application:630]: No active profile set, falling back to 1 default profile: "default"
[13:48:47] [INFO] [main] [org.springframework.boot.web.embedded.tomcat.TomcatWebServer:114]: Tomcat initialized with port(s): 8082 (http)
[13:48:47] [INFO] [main] [org.apache.coyote.http11.Http11NioProtocol:173]: Initializing ProtocolHandler ["http-nio-8082"]
[13:48:47] [INFO] [main] [org.apache.catalina.core.StandardService:173]: Starting service [Tomcat]
[13:48:47] [INFO] [main] [org.apache.catalina.core.StandardEngine:173]: Starting Servlet engine: [Apache Tomcat/10.1.1]
[13:48:47] [INFO] [main] [org.apache.catalina.core.ContainerBase.[Tomcat].[localhost].[/]:173]: Initializing Spring embedded WebApplicationContext
[13:48:47] [INFO] [main] [org.springframework.boot.web.servlet.context.ServletWebServerApplicationContext:291]: Root WebApplicationContext: initialization completed in 877 ms
[13:48:47] [INFO] [main] [org.apache.coyote.http11.Http11NioProtocol:173]: Starting ProtocolHandler ["http-nio-8082"]
[13:48:47] [INFO] [main] [org.springframework.boot.web.embedded.tomcat.TomcatWebServer:226]: Tomcat started on port(s): 8082 (http) with context path ''
[13:48:47] [INFO] [main] [com.infotel.microservice1.Microservice1Application:57]: Started Microservice1Application in 1.611 seconds (process running for 2.157)
[13:48:49] [INFO] [http-nio-8082-exec-1] [org.apache.catalina.core.ContainerBase.[Tomcat].[localhost].[/]:173]: Initializing Spring DispatcherServlet 'dispatcherServlet'
[13:48:49] [INFO] [http-nio-8082-exec-1] [org.springframework.web.servlet.DispatcherServlet:525]: Initializing Servlet 'dispatcherServlet'
[13:48:49] [INFO] [http-nio-8082-exec-1] [org.springframework.web.servlet.DispatcherServlet:547]: Completed initialization in 1 ms
[13:49:07] [INFO] [main] [com.infotel.microservice1.Microservice1Application:51]: Starting Microservice1Application using Java 17.0.3 with PID 10644 (C:\Dev_RBO\repo\msoutils\ms-project\microservice1\target\classes started by r_boug in C:\Dev_RBO\repo\msoutils\ms-project\microservice1)
[13:49:07] [INFO] [main] [com.infotel.microservice1.Microservice1Application:630]: No active profile set, falling back to 1 default profile: "default"
[13:49:08] [INFO] [main] [org.springframework.boot.web.embedded.tomcat.TomcatWebServer:114]: Tomcat initialized with port(s): 8082 (http)
[13:49:08] [INFO] [main] [org.apache.coyote.http11.Http11NioProtocol:173]: Initializing ProtocolHandler ["http-nio-8082"]
[13:49:08] [INFO] [main] [org.apache.catalina.core.StandardService:173]: Starting service [Tomcat]
[13:49:08] [INFO] [main] [org.apache.catalina.core.StandardEngine:173]: Starting Servlet engine: [Apache Tomcat/10.1.1]
[13:49:08] [INFO] [main] [org.apache.catalina.core.ContainerBase.[Tomcat].[localhost].[/]:173]: Initializing Spring embedded WebApplicationContext
[13:49:08] [INFO] [main] [org.springframework.boot.web.servlet.context.ServletWebServerApplicationContext:291]: Root WebApplicationContext: initialization completed in 1055 ms
[13:49:08] [INFO] [main] [org.springframework.boot.actuate.endpoint.web.EndpointLinksResolver:58]: Exposing 1 endpoint(s) beneath base path '/actuator'
[13:49:08] [INFO] [main] [org.apache.coyote.http11.Http11NioProtocol:173]: Starting ProtocolHandler ["http-nio-8082"]
[13:49:08] [INFO] [main] [org.springframework.boot.web.embedded.tomcat.TomcatWebServer:226]: Tomcat started on port(s): 8082 (http) with context path ''
[13:49:08] [INFO] [main] [com.infotel.microservice1.Microservice1Application:57]: Started Microservice1Application in 2.056 seconds (process running for 2.597)
[13:49:09] [INFO] [http-nio-8082-exec-1] [org.apache.catalina.core.ContainerBase.[Tomcat].[localhost].[/]:173]: Initializing Spring DispatcherServlet 'dispatcherServlet'
[13:49:09] [INFO] [http-nio-8082-exec-1] [org.springframework.web.servlet.DispatcherServlet:525]: Initializing Servlet 'dispatcherServlet'
[13:49:09] [INFO] [http-nio-8082-exec-1] [org.springframework.web.servlet.DispatcherServlet:547]: Completed initialization in 1 ms
[13:50:13] [INFO] [main] [com.infotel.microservice1.Microservice1Application:51]: Starting Microservice1Application using Java 17.0.3 with PID 14436 (C:\Dev_RBO\repo\msoutils\ms-project\microservice1\target\classes started by r_boug in C:\Dev_RBO\repo\msoutils\ms-project\microservice1)
[13:50:13] [INFO] [main] [com.infotel.microservice1.Microservice1Application:630]: No active profile set, falling back to 1 default profile: "default"
[13:50:14] [INFO] [main] [org.springframework.boot.web.embedded.tomcat.TomcatWebServer:114]: Tomcat initialized with port(s): 8082 (http)
[13:50:14] [INFO] [main] [org.apache.coyote.http11.Http11NioProtocol:173]: Initializing ProtocolHandler ["http-nio-8082"]
[13:50:14] [INFO] [main] [org.apache.catalina.core.StandardService:173]: Starting service [Tomcat]
[13:50:14] [INFO] [main] [org.apache.catalina.core.StandardEngine:173]: Starting Servlet engine: [Apache Tomcat/10.1.1]
[13:50:14] [INFO] [main] [org.apache.catalina.core.ContainerBase.[Tomcat].[localhost].[/]:173]: Initializing Spring embedded WebApplicationContext
[13:50:14] [INFO] [main] [org.springframework.boot.web.servlet.context.ServletWebServerApplicationContext:291]: Root WebApplicationContext: initialization completed in 1131 ms
[13:50:15] [INFO] [main] [org.springframework.boot.actuate.endpoint.web.EndpointLinksResolver:58]: Exposing 1 endpoint(s) beneath base path '/actuator'
[13:50:15] [INFO] [main] [org.apache.coyote.http11.Http11NioProtocol:173]: Starting ProtocolHandler ["http-nio-8082"]
[13:50:15] [WARN] [main] [org.springframework.boot.web.servlet.context.AnnotationConfigServletWebServerApplicationContext:592]: Exception encountered during context initialization - cancelling refresh attempt: org.springframework.context.ApplicationContextException: Failed to start bean 'webServerStartStop'
[13:50:15] [INFO] [main] [org.apache.coyote.http11.Http11NioProtocol:173]: Pausing ProtocolHandler ["http-nio-8082"]
[13:50:15] [INFO] [main] [org.apache.catalina.core.StandardService:173]: Stopping service [Tomcat]
[13:50:15] [INFO] [main] [org.apache.coyote.http11.Http11NioProtocol:173]: Stopping ProtocolHandler ["http-nio-8082"]
[13:50:15] [INFO] [main] [org.apache.coyote.http11.Http11NioProtocol:173]: Destroying ProtocolHandler ["http-nio-8082"]
[13:50:15] [INFO] [main] [org.springframework.boot.autoconfigure.logging.ConditionEvaluationReportLogger:82]: 

Error starting ApplicationContext. To display the condition evaluation report re-run your application with 'debug' enabled.
[13:50:15] [ERROR] [main] [org.springframework.boot.diagnostics.LoggingFailureAnalysisReporter:40]: 

***************************
APPLICATION FAILED TO START
***************************

Description:

Web server failed to start. Port 8082 was already in use.

Action:

Identify and stop the process that's listening on port 8082 or configure this application to listen on another port.

[13:50:50] [INFO] [main] [com.infotel.microservice1.Microservice1Application:51]: Starting Microservice1Application using Java 17.0.3 with PID 13188 (C:\Dev_RBO\repo\msoutils\ms-project\microservice1\target\classes started by r_boug in C:\Dev_RBO\repo\msoutils\ms-project\microservice1)
[13:50:50] [INFO] [main] [com.infotel.microservice1.Microservice1Application:630]: No active profile set, falling back to 1 default profile: "default"
[13:50:51] [INFO] [main] [org.springframework.boot.web.embedded.tomcat.TomcatWebServer:114]: Tomcat initialized with port(s): 8081 (http)
[13:50:51] [INFO] [main] [org.apache.coyote.http11.Http11NioProtocol:173]: Initializing ProtocolHandler ["http-nio-8081"]
[13:50:51] [INFO] [main] [org.apache.catalina.core.StandardService:173]: Starting service [Tomcat]
[13:50:51] [INFO] [main] [org.apache.catalina.core.StandardEngine:173]: Starting Servlet engine: [Apache Tomcat/10.1.1]
[13:50:51] [INFO] [main] [org.apache.catalina.core.ContainerBase.[Tomcat].[localhost].[/]:173]: Initializing Spring embedded WebApplicationContext
[13:50:51] [INFO] [main] [org.springframework.boot.web.servlet.context.ServletWebServerApplicationContext:291]: Root WebApplicationContext: initialization completed in 1231 ms
[13:50:52] [INFO] [main] [org.springframework.boot.actuate.endpoint.web.EndpointLinksResolver:58]: Exposing 1 endpoint(s) beneath base path '/actuator'
[13:50:52] [INFO] [main] [org.apache.coyote.http11.Http11NioProtocol:173]: Starting ProtocolHandler ["http-nio-8081"]
[13:50:52] [INFO] [main] [org.springframework.boot.web.embedded.tomcat.TomcatWebServer:226]: Tomcat started on port(s): 8081 (http) with context path ''
[13:50:52] [INFO] [main] [com.infotel.microservice1.Microservice1Application:57]: Started Microservice1Application in 2.835 seconds (process running for 3.42)
[13:50:54] [INFO] [http-nio-8081-exec-1] [org.apache.catalina.core.ContainerBase.[Tomcat].[localhost].[/]:173]: Initializing Spring DispatcherServlet 'dispatcherServlet'
[13:50:54] [INFO] [http-nio-8081-exec-1] [org.springframework.web.servlet.DispatcherServlet:525]: Initializing Servlet 'dispatcherServlet'
[13:50:54] [INFO] [http-nio-8081-exec-1] [org.springframework.web.servlet.DispatcherServlet:547]: Completed initialization in 1 ms
